26-May-2020 07:14:15.111 WARNING [main] org.apache.catalina.core.AprLifecycleListener.init The APR based Apache Tomcat Native library failed to load. The error reported was [C:\RestAdvance\projects\advance\MSLab5-security-cloud-gateway-oauth\uaa-tomcat\apache-tomcat-8.0.33\bin\tcnative-1.dll: Can't load IA 32-bit .dll on a AMD 64-bit platform]
 java.lang.UnsatisfiedLinkError: C:\RestAdvance\projects\advance\MSLab5-security-cloud-gateway-oauth\uaa-tomcat\apache-tomcat-8.0.33\bin\tcnative-1.dll: Can't load IA 32-bit .dll on a AMD 64-bit platform
	at java.lang.ClassLoader$NativeLibrary.load(Native Method)
	at java.lang.ClassLoader.loadLibrary0(ClassLoader.java:1934)
	at java.lang.ClassLoader.loadLibrary(ClassLoader.java:1850)
	at java.lang.Runtime.loadLibrary0(Runtime.java:870)
	at java.lang.System.loadLibrary(System.java:1122)
	at org.apache.tomcat.jni.Library.<init>(Library.java:42)
	at org.apache.tomcat.jni.Library.initialize(Library.java:178)
	at org.apache.catalina.core.AprLifecycleListener.init(AprLifecycleListener.java:197)
	at org.apache.catalina.core.AprLifecycleListener.isAprAvailable(AprLifecycleListener.java:106)
	at org.apache.catalina.connector.Connector.setProtocol(Connector.java:564)
	at org.apache.catalina.connector.Connector.<init>(Connector.java:66)
	at org.apache.catalina.startup.ConnectorCreateRule.begin(ConnectorCreateRule.java:62)
	at org.apache.tomcat.util.digester.Digester.startElement(Digester.java:1178)
	at com.sun.org.apache.xerces.internal.parsers.AbstractSAXParser.startElement(AbstractSAXParser.java:509)
	at com.sun.org.apache.xerces.internal.parsers.AbstractXMLDocumentParser.emptyElement(AbstractXMLDocumentParser.java:182)
	at com.sun.org.apache.xerces.internal.impl.XMLDocumentFragmentScannerImpl.scanStartElement(XMLDocumentFragmentScannerImpl.java:1339)
	at com.sun.org.apache.xerces.internal.impl.XMLDocumentFragmentScannerImpl$FragmentContentDriver.next(XMLDocumentFragmentScannerImpl.java:2784)
	at com.sun.org.apache.xerces.internal.impl.XMLDocumentScannerImpl.next(XMLDocumentScannerImpl.java:602)
	at com.sun.org.apache.xerces.internal.impl.XMLDocumentFragmentScannerImpl.scanDocument(XMLDocumentFragmentScannerImpl.java:505)
	at com.sun.org.apache.xerces.internal.parsers.XML11Configuration.parse(XML11Configuration.java:842)
	at com.sun.org.apache.xerces.internal.parsers.XML11Configuration.parse(XML11Configuration.java:771)
	at com.sun.org.apache.xerces.internal.parsers.XMLParser.parse(XMLParser.java:141)
	at com.sun.org.apache.xerces.internal.parsers.AbstractSAXParser.parse(AbstractSAXParser.java:1213)
	at com.sun.org.apache.xerces.internal.jaxp.SAXParserImpl$JAXPSAXParser.parse(SAXParserImpl.java:643)
	at org.apache.tomcat.util.digester.Digester.parse(Digester.java:1451)
	at org.apache.catalina.startup.Catalina.load(Catalina.java:552)
	at org.apache.catalina.startup.Catalina.load(Catalina.java:603)
	at sun.reflect.NativeMethodAccessorImpl.invoke0(Native Method)
	at sun.reflect.NativeMethodAccessorImpl.invoke(NativeMethodAccessorImpl.java:62)
	at sun.reflect.DelegatingMethodAccessorImpl.invoke(DelegatingMethodAccessorImpl.java:43)
	at java.lang.reflect.Method.invoke(Method.java:498)
	at org.apache.catalina.startup.Bootstrap.load(Bootstrap.java:310)
	at org.apache.catalina.startup.Bootstrap.main(Bootstrap.java:484)

26-May-2020 07:14:15.220 INFO [main] org.apache.catalina.startup.VersionLoggerListener.log Server version:        Apache Tomcat/8.0.33
26-May-2020 07:14:15.221 INFO [main] org.apache.catalina.startup.VersionLoggerListener.log Server built:          Mar 18 2016 20:31:49 UTC
26-May-2020 07:14:15.222 INFO [main] org.apache.catalina.startup.VersionLoggerListener.log Server number:         8.0.33.0
26-May-2020 07:14:15.223 INFO [main] org.apache.catalina.startup.VersionLoggerListener.log OS Name:               Windows 10
26-May-2020 07:14:15.226 INFO [main] org.apache.catalina.startup.VersionLoggerListener.log OS Version:            10.0
26-May-2020 07:14:15.227 INFO [main] org.apache.catalina.startup.VersionLoggerListener.log Architecture:          amd64
26-May-2020 07:14:15.227 INFO [main] org.apache.catalina.startup.VersionLoggerListener.log Java Home:             C:\RestAdvance\software\jdk1.8.0_231\jre
26-May-2020 07:14:15.228 INFO [main] org.apache.catalina.startup.VersionLoggerListener.log JVM Version:           1.8.0_231-b11
26-May-2020 07:14:15.229 INFO [main] org.apache.catalina.startup.VersionLoggerListener.log JVM Vendor:            Oracle Corporation
26-May-2020 07:14:15.230 INFO [main] org.apache.catalina.startup.VersionLoggerListener.log CATALINA_BASE:         C:\RestAdvance\projects\advance\MSLab5-security-cloud-gateway-oauth\uaa-tomcat\apache-tomcat-8.0.33
26-May-2020 07:14:15.231 INFO [main] org.apache.catalina.startup.VersionLoggerListener.log CATALINA_HOME:         C:\RestAdvance\projects\advance\MSLab5-security-cloud-gateway-oauth\uaa-tomcat\apache-tomcat-8.0.33
26-May-2020 07:14:15.234 INFO [main] org.apache.catalina.startup.VersionLoggerListener.log Command line argument: -Djava.util.logging.config.file=C:\RestAdvance\projects\advance\MSLab5-security-cloud-gateway-oauth\uaa-tomcat\apache-tomcat-8.0.33\conf\logging.properties
26-May-2020 07:14:15.234 INFO [main] org.apache.catalina.startup.VersionLoggerListener.log Command line argument: -Djava.util.logging.manager=org.apache.juli.ClassLoaderLogManager
26-May-2020 07:14:15.235 INFO [main] org.apache.catalina.startup.VersionLoggerListener.log Command line argument: -Djava.endorsed.dirs=C:\RestAdvance\projects\advance\MSLab5-security-cloud-gateway-oauth\uaa-tomcat\apache-tomcat-8.0.33\endorsed
26-May-2020 07:14:15.236 INFO [main] org.apache.catalina.startup.VersionLoggerListener.log Command line argument: -Dcatalina.base=C:\RestAdvance\projects\advance\MSLab5-security-cloud-gateway-oauth\uaa-tomcat\apache-tomcat-8.0.33
26-May-2020 07:14:15.237 INFO [main] org.apache.catalina.startup.VersionLoggerListener.log Command line argument: -Dcatalina.home=C:\RestAdvance\projects\advance\MSLab5-security-cloud-gateway-oauth\uaa-tomcat\apache-tomcat-8.0.33
26-May-2020 07:14:15.237 INFO [main] org.apache.catalina.startup.VersionLoggerListener.log Command line argument: -Djava.io.tmpdir=C:\RestAdvance\projects\advance\MSLab5-security-cloud-gateway-oauth\uaa-tomcat\apache-tomcat-8.0.33\temp
26-May-2020 07:14:15.841 INFO [main] org.apache.coyote.AbstractProtocol.init Initializing ProtocolHandler ["http-nio-8090"]
26-May-2020 07:14:16.266 INFO [main] org.apache.tomcat.util.net.NioSelectorPool.getSharedSelector Using a shared selector for servlet write/read
26-May-2020 07:14:16.271 INFO [main] org.apache.coyote.AbstractProtocol.init Initializing ProtocolHandler ["ajp-nio-8009"]
26-May-2020 07:14:16.275 INFO [main] org.apache.tomcat.util.net.NioSelectorPool.getSharedSelector Using a shared selector for servlet write/read
26-May-2020 07:14:16.275 INFO [main] org.apache.catalina.startup.Catalina.load Initialization processed in 1599 ms
26-May-2020 07:14:16.325 INFO [main] org.apache.catalina.core.StandardService.startInternal Starting service Catalina
26-May-2020 07:14:16.326 INFO [main] org.apache.catalina.core.StandardEngine.startInternal Starting Servlet Engine: Apache Tomcat/8.0.33
26-May-2020 07:14:16.372 INFO [localhost-startStop-1] org.apache.catalina.startup.HostConfig.deployWAR Deploying web application archive C:\RestAdvance\projects\advance\MSLab5-security-cloud-gateway-oauth\uaa-tomcat\apache-tomcat-8.0.33\webapps\uaa.war
26-May-2020 07:14:16.440 INFO [localhost-startStop-1] org.apache.catalina.startup.ExpandWar.expand An expanded directory [C:\RestAdvance\projects\advance\MSLab5-security-cloud-gateway-oauth\uaa-tomcat\apache-tomcat-8.0.33\webapps\uaa] was found with a last modified time that did not match the associated WAR. It will be deleted.
26-May-2020 07:14:22.508 INFO [localhost-startStop-1] org.apache.jasper.servlet.TldScanner.scanJars At least one JAR was scanned for TLDs yet contained no TLDs. Enable debug logging for this logger for a complete list of JARs that were scanned but no TLDs were found in them. Skipping unneeded JARs during scanning can improve startup time and JSP compilation time.
