30-Sep-2020 15:42:28.839 WARNING [main] org.apache.catalina.core.AprLifecycleListener.init The APR based Apache Tomcat Native library failed to load. The error reported was [C:\RestAdvance\projects\usecase2\uaa-tomcat\apache-tomcat-8.0.33\bin\tcnative-1.dll: Can't load IA 32-bit .dll on a AMD 64-bit platform]
 java.lang.UnsatisfiedLinkError: C:\RestAdvance\projects\usecase2\uaa-tomcat\apache-tomcat-8.0.33\bin\tcnative-1.dll: Can't load IA 32-bit .dll on a AMD 64-bit platform
	at java.lang.ClassLoader$NativeLibrary.load(Native Method)
	at java.lang.ClassLoader.loadLibrary0(ClassLoader.java:1934)
	at java.lang.ClassLoader.loadLibrary(ClassLoader.java:1850)
	at java.lang.Runtime.loadLibrary0(Runtime.java:870)
	at java.lang.System.loadLibrary(System.java:1122)
	at org.apache.tomcat.jni.Library.<init>(Library.java:42)
	at org.apache.tomcat.jni.Library.initialize(Library.java:178)
	at org.apache.catalina.core.AprLifecycleListener.init(AprLifecycleListener.java:197)
	at org.apache.catalina.core.AprLifecycleListener.isAprAvailable(AprLifecycleListener.java:106)
	at org.apache.catalina.connector.Connector.setProtocol(Connector.java:564)
	at org.apache.catalina.connector.Connector.<init>(Connector.java:66)
	at org.apache.catalina.startup.ConnectorCreateRule.begin(ConnectorCreateRule.java:62)
	at org.apache.tomcat.util.digester.Digester.startElement(Digester.java:1178)
	at com.sun.org.apache.xerces.internal.parsers.AbstractSAXParser.startElement(AbstractSAXParser.java:509)
	at com.sun.org.apache.xerces.internal.parsers.AbstractXMLDocumentParser.emptyElement(AbstractXMLDocumentParser.java:182)
	at com.sun.org.apache.xerces.internal.impl.XMLDocumentFragmentScannerImpl.scanStartElement(XMLDocumentFragmentScannerImpl.java:1339)
	at com.sun.org.apache.xerces.internal.impl.XMLDocumentFragmentScannerImpl$FragmentContentDriver.next(XMLDocumentFragmentScannerImpl.java:2784)
	at com.sun.org.apache.xerces.internal.impl.XMLDocumentScannerImpl.next(XMLDocumentScannerImpl.java:602)
	at com.sun.org.apache.xerces.internal.impl.XMLDocumentFragmentScannerImpl.scanDocument(XMLDocumentFragmentScannerImpl.java:505)
	at com.sun.org.apache.xerces.internal.parsers.XML11Configuration.parse(XML11Configuration.java:842)
	at com.sun.org.apache.xerces.internal.parsers.XML11Configuration.parse(XML11Configuration.java:771)
	at com.sun.org.apache.xerces.internal.parsers.XMLParser.parse(XMLParser.java:141)
	at com.sun.org.apache.xerces.internal.parsers.AbstractSAXParser.parse(AbstractSAXParser.java:1213)
	at com.sun.org.apache.xerces.internal.jaxp.SAXParserImpl$JAXPSAXParser.parse(SAXParserImpl.java:643)
	at org.apache.tomcat.util.digester.Digester.parse(Digester.java:1451)
	at org.apache.catalina.startup.Catalina.load(Catalina.java:552)
	at org.apache.catalina.startup.Catalina.load(Catalina.java:603)
	at sun.reflect.NativeMethodAccessorImpl.invoke0(Native Method)
	at sun.reflect.NativeMethodAccessorImpl.invoke(NativeMethodAccessorImpl.java:62)
	at sun.reflect.DelegatingMethodAccessorImpl.invoke(DelegatingMethodAccessorImpl.java:43)
	at java.lang.reflect.Method.invoke(Method.java:498)
	at org.apache.catalina.startup.Bootstrap.load(Bootstrap.java:310)
	at org.apache.catalina.startup.Bootstrap.main(Bootstrap.java:484)

30-Sep-2020 15:42:28.916 INFO [main] org.apache.catalina.startup.VersionLoggerListener.log Server version:        Apache Tomcat/8.0.33
30-Sep-2020 15:42:28.917 INFO [main] org.apache.catalina.startup.VersionLoggerListener.log Server built:          Mar 18 2016 20:31:49 UTC
30-Sep-2020 15:42:28.919 INFO [main] org.apache.catalina.startup.VersionLoggerListener.log Server number:         8.0.33.0
30-Sep-2020 15:42:28.922 INFO [main] org.apache.catalina.startup.VersionLoggerListener.log OS Name:               Windows 10
30-Sep-2020 15:42:28.922 INFO [main] org.apache.catalina.startup.VersionLoggerListener.log OS Version:            10.0
30-Sep-2020 15:42:28.924 INFO [main] org.apache.catalina.startup.VersionLoggerListener.log Architecture:          amd64
30-Sep-2020 15:42:28.924 INFO [main] org.apache.catalina.startup.VersionLoggerListener.log Java Home:             C:\java\jdk1.8.0_231\jre
30-Sep-2020 15:42:28.925 INFO [main] org.apache.catalina.startup.VersionLoggerListener.log JVM Version:           1.8.0_231-b11
30-Sep-2020 15:42:28.925 INFO [main] org.apache.catalina.startup.VersionLoggerListener.log JVM Vendor:            Oracle Corporation
30-Sep-2020 15:42:28.933 INFO [main] org.apache.catalina.startup.VersionLoggerListener.log CATALINA_BASE:         C:\RestAdvance\projects\usecase2\uaa-tomcat\apache-tomcat-8.0.33
30-Sep-2020 15:42:28.937 INFO [main] org.apache.catalina.startup.VersionLoggerListener.log CATALINA_HOME:         C:\RestAdvance\projects\usecase2\uaa-tomcat\apache-tomcat-8.0.33
30-Sep-2020 15:42:28.937 INFO [main] org.apache.catalina.startup.VersionLoggerListener.log Command line argument: -Djava.util.logging.config.file=C:\RestAdvance\projects\usecase2\uaa-tomcat\apache-tomcat-8.0.33\conf\logging.properties
30-Sep-2020 15:42:28.939 INFO [main] org.apache.catalina.startup.VersionLoggerListener.log Command line argument: -Djava.util.logging.manager=org.apache.juli.ClassLoaderLogManager
30-Sep-2020 15:42:28.940 INFO [main] org.apache.catalina.startup.VersionLoggerListener.log Command line argument: -Djava.endorsed.dirs=C:\RestAdvance\projects\usecase2\uaa-tomcat\apache-tomcat-8.0.33\endorsed
30-Sep-2020 15:42:28.942 INFO [main] org.apache.catalina.startup.VersionLoggerListener.log Command line argument: -Dcatalina.base=C:\RestAdvance\projects\usecase2\uaa-tomcat\apache-tomcat-8.0.33
30-Sep-2020 15:42:28.942 INFO [main] org.apache.catalina.startup.VersionLoggerListener.log Command line argument: -Dcatalina.home=C:\RestAdvance\projects\usecase2\uaa-tomcat\apache-tomcat-8.0.33
30-Sep-2020 15:42:28.943 INFO [main] org.apache.catalina.startup.VersionLoggerListener.log Command line argument: -Djava.io.tmpdir=C:\RestAdvance\projects\usecase2\uaa-tomcat\apache-tomcat-8.0.33\temp
30-Sep-2020 15:42:29.071 INFO [main] org.apache.coyote.AbstractProtocol.init Initializing ProtocolHandler ["http-nio-8090"]
30-Sep-2020 15:42:29.361 INFO [main] org.apache.tomcat.util.net.NioSelectorPool.getSharedSelector Using a shared selector for servlet write/read
30-Sep-2020 15:42:29.364 INFO [main] org.apache.coyote.AbstractProtocol.init Initializing ProtocolHandler ["ajp-nio-8009"]
30-Sep-2020 15:42:29.367 INFO [main] org.apache.tomcat.util.net.NioSelectorPool.getSharedSelector Using a shared selector for servlet write/read
30-Sep-2020 15:42:29.368 INFO [main] org.apache.catalina.startup.Catalina.load Initialization processed in 848 ms
30-Sep-2020 15:42:29.400 INFO [main] org.apache.catalina.core.StandardService.startInternal Starting service Catalina
30-Sep-2020 15:42:29.400 INFO [main] org.apache.catalina.core.StandardEngine.startInternal Starting Servlet Engine: Apache Tomcat/8.0.33
30-Sep-2020 15:42:29.433 INFO [localhost-startStop-1] org.apache.catalina.startup.HostConfig.deployWAR Deploying web application archive C:\RestAdvance\projects\usecase2\uaa-tomcat\apache-tomcat-8.0.33\webapps\uaa.war
30-Sep-2020 15:42:30.264 INFO [localhost-startStop-1] org.apache.jasper.servlet.TldScanner.scanJars At least one JAR was scanned for TLDs yet contained no TLDs. Enable debug logging for this logger for a complete list of JARs that were scanned but no TLDs were found in them. Skipping unneeded JARs during scanning can improve startup time and JSP compilation time.
30-Sep-2020 15:43:05.580 INFO [localhost-startStop-1] org.apache.catalina.startup.HostConfig.deployWAR Deployment of web application archive C:\RestAdvance\projects\usecase2\uaa-tomcat\apache-tomcat-8.0.33\webapps\uaa.war has finished in 36,146 ms
30-Sep-2020 15:43:05.582 INFO [localhost-startStop-1] org.apache.catalina.startup.HostConfig.deployDirectory Deploying web application directory C:\RestAdvance\projects\usecase2\uaa-tomcat\apache-tomcat-8.0.33\webapps\docs
30-Sep-2020 15:43:05.620 INFO [localhost-startStop-1] org.apache.catalina.startup.HostConfig.deployDirectory Deployment of web application directory C:\RestAdvance\projects\usecase2\uaa-tomcat\apache-tomcat-8.0.33\webapps\docs has finished in 38 ms
30-Sep-2020 15:43:05.621 INFO [localhost-startStop-1] org.apache.catalina.startup.HostConfig.deployDirectory Deploying web application directory C:\RestAdvance\projects\usecase2\uaa-tomcat\apache-tomcat-8.0.33\webapps\examples
30-Sep-2020 15:43:06.052 INFO [localhost-startStop-1] org.apache.catalina.startup.HostConfig.deployDirectory Deployment of web application directory C:\RestAdvance\projects\usecase2\uaa-tomcat\apache-tomcat-8.0.33\webapps\examples has finished in 431 ms
30-Sep-2020 15:43:06.053 INFO [localhost-startStop-1] org.apache.catalina.startup.HostConfig.deployDirectory Deploying web application directory C:\RestAdvance\projects\usecase2\uaa-tomcat\apache-tomcat-8.0.33\webapps\host-manager
30-Sep-2020 15:43:06.102 INFO [localhost-startStop-1] org.apache.catalina.startup.HostConfig.deployDirectory Deployment of web application directory C:\RestAdvance\projects\usecase2\uaa-tomcat\apache-tomcat-8.0.33\webapps\host-manager has finished in 49 ms
30-Sep-2020 15:43:06.102 INFO [localhost-startStop-1] org.apache.catalina.startup.HostConfig.deployDirectory Deploying web application directory C:\RestAdvance\projects\usecase2\uaa-tomcat\apache-tomcat-8.0.33\webapps\manager
30-Sep-2020 15:43:06.138 INFO [localhost-startStop-1] org.apache.catalina.startup.HostConfig.deployDirectory Deployment of web application directory C:\RestAdvance\projects\usecase2\uaa-tomcat\apache-tomcat-8.0.33\webapps\manager has finished in 36 ms
30-Sep-2020 15:43:06.138 INFO [localhost-startStop-1] org.apache.catalina.startup.HostConfig.deployDirectory Deploying web application directory C:\RestAdvance\projects\usecase2\uaa-tomcat\apache-tomcat-8.0.33\webapps\ROOT
30-Sep-2020 15:43:06.172 INFO [localhost-startStop-1] org.apache.catalina.startup.HostConfig.deployDirectory Deployment of web application directory C:\RestAdvance\projects\usecase2\uaa-tomcat\apache-tomcat-8.0.33\webapps\ROOT has finished in 34 ms
30-Sep-2020 15:43:06.184 INFO [main] org.apache.coyote.AbstractProtocol.start Starting ProtocolHandler ["http-nio-8090"]
30-Sep-2020 15:43:06.198 INFO [main] org.apache.coyote.AbstractProtocol.start Starting ProtocolHandler ["ajp-nio-8009"]
30-Sep-2020 15:43:06.205 INFO [main] org.apache.catalina.startup.Catalina.start Server startup in 36836 ms
30-Sep-2020 16:52:33.658 INFO [Thread-8] org.apache.coyote.AbstractProtocol.pause Pausing ProtocolHandler ["http-nio-8090"]
30-Sep-2020 16:52:33.715 INFO [Thread-8] org.apache.coyote.AbstractProtocol.pause Pausing ProtocolHandler ["ajp-nio-8009"]
30-Sep-2020 16:52:33.765 INFO [Thread-8] org.apache.catalina.core.StandardService.stopInternal Stopping service Catalina
30-Sep-2020 16:52:33.929 WARNING [localhost-startStop-2] org.apache.catalina.loader.WebappClassLoaderBase.clearReferencesJdbc The web application [uaa] registered the JDBC driver [org.hsqldb.jdbc.JDBCDriver] but failed to unregister it when the web application was stopped. To prevent a memory leak, the JDBC Driver has been forcibly unregistered.
30-Sep-2020 16:52:33.930 WARNING [localhost-startStop-2] org.apache.catalina.loader.WebappClassLoaderBase.clearReferencesThreads The web application [uaa] appears to have started a thread named [true] but has failed to stop it. This is very likely to create a memory leak. Stack trace of thread:
 java.lang.Object.wait(Native Method)
 java.lang.Object.wait(Object.java:502)
 java.util.TimerThread.mainLoop(Timer.java:526)
 java.util.TimerThread.run(Timer.java:505)
30-Sep-2020 16:52:33.965 INFO [Thread-8] org.apache.coyote.AbstractProtocol.stop Stopping ProtocolHandler ["http-nio-8090"]
30-Sep-2020 16:52:33.994 INFO [Thread-8] org.apache.coyote.AbstractProtocol.stop Stopping ProtocolHandler ["ajp-nio-8009"]
30-Sep-2020 16:52:33.999 INFO [Thread-8] org.apache.coyote.AbstractProtocol.destroy Destroying ProtocolHandler ["http-nio-8090"]
30-Sep-2020 16:52:34.004 INFO [Thread-8] org.apache.coyote.AbstractProtocol.destroy Destroying ProtocolHandler ["ajp-nio-8009"]
