16-Mar-2020 13:53:29.591 INFO [localhost-startStop-1] org.apache.catalina.core.ApplicationContext.log Initializing Spring FrameworkServlet 'spring'
16-Mar-2020 13:53:29.658 INFO [localhost-startStop-1] org.apache.catalina.core.ApplicationContext.log Testing for YAML resources at: ${LOGIN_CONFIG_URL}
16-Mar-2020 13:53:29.663 INFO [localhost-startStop-1] org.apache.catalina.core.ApplicationContext.log Testing for YAML resources at: file:${LOGIN_CONFIG_PATH}/login.yml
16-Mar-2020 13:53:29.664 INFO [localhost-startStop-1] org.apache.catalina.core.ApplicationContext.log Testing for YAML resources at: file:${CLOUD_FOUNDRY_CONFIG_PATH}/login.yml
16-Mar-2020 13:53:29.665 INFO [localhost-startStop-1] org.apache.catalina.core.ApplicationContext.log Testing for YAML resources at: ${UAA_CONFIG_URL}
16-Mar-2020 13:53:29.666 INFO [localhost-startStop-1] org.apache.catalina.core.ApplicationContext.log Testing for YAML resources at: file:${UAA_CONFIG_FILE}
16-Mar-2020 13:53:29.668 INFO [localhost-startStop-1] org.apache.catalina.core.ApplicationContext.log Testing for YAML resources at: file:${UAA_CONFIG_PATH}/uaa.yml
16-Mar-2020 13:53:29.668 INFO [localhost-startStop-1] org.apache.catalina.core.ApplicationContext.log Testing for YAML resources at: file:${CLOUD_FOUNDRY_CONFIG_PATH}/uaa.yml
16-Mar-2020 13:53:29.669 INFO [localhost-startStop-1] org.apache.catalina.core.ApplicationContext.log Loading YAML environment properties from location: [class path resource [uaa.yml]]
16-Mar-2020 13:53:58.031 INFO [localhost-startStop-1] org.apache.catalina.core.ApplicationContext.log Ignoring Log Config Location: -Djava.util.logging.config.file="D:\tomcat\software\apache-tomcat-8.0.33\conf\logging.properties". Location is suspect to be a Tomcat startup script environment variable
16-Mar-2020 13:53:58.031 INFO [localhost-startStop-1] org.apache.catalina.core.ApplicationContext.log Loading log4j config from location: classpath:log4j.properties
16-Mar-2020 13:54:11.459 INFO [localhost-startStop-1] org.apache.catalina.core.ApplicationContext.log ContextListener: contextInitialized()
16-Mar-2020 13:54:11.463 INFO [localhost-startStop-1] org.apache.catalina.core.ApplicationContext.log SessionListener: contextInitialized()
16-Mar-2020 13:55:54.197 INFO [localhost-startStop-2] org.apache.catalina.core.ApplicationContext.log Destroying Spring FrameworkServlet 'spring'
16-Mar-2020 13:55:54.258 INFO [localhost-startStop-2] org.apache.catalina.core.ApplicationContext.log SessionListener: contextDestroyed()
16-Mar-2020 13:55:54.259 INFO [localhost-startStop-2] org.apache.catalina.core.ApplicationContext.log ContextListener: contextDestroyed()
16-Mar-2020 13:59:36.991 INFO [localhost-startStop-1] org.apache.catalina.core.ApplicationContext.log Initializing Spring FrameworkServlet 'spring'
16-Mar-2020 13:59:37.072 INFO [localhost-startStop-1] org.apache.catalina.core.ApplicationContext.log Testing for YAML resources at: ${LOGIN_CONFIG_URL}
16-Mar-2020 13:59:37.076 INFO [localhost-startStop-1] org.apache.catalina.core.ApplicationContext.log Testing for YAML resources at: file:${LOGIN_CONFIG_PATH}/login.yml
16-Mar-2020 13:59:37.077 INFO [localhost-startStop-1] org.apache.catalina.core.ApplicationContext.log Testing for YAML resources at: file:D:\tomcat\software\apache-tomcat-8.0.33\uaa/login.yml
16-Mar-2020 13:59:37.078 INFO [localhost-startStop-1] org.apache.catalina.core.ApplicationContext.log Testing for YAML resources at: ${UAA_CONFIG_URL}
16-Mar-2020 13:59:37.079 INFO [localhost-startStop-1] org.apache.catalina.core.ApplicationContext.log Testing for YAML resources at: file:${UAA_CONFIG_FILE}
16-Mar-2020 13:59:37.081 INFO [localhost-startStop-1] org.apache.catalina.core.ApplicationContext.log Testing for YAML resources at: file:${UAA_CONFIG_PATH}/uaa.yml
16-Mar-2020 13:59:37.083 INFO [localhost-startStop-1] org.apache.catalina.core.ApplicationContext.log Testing for YAML resources at: file:D:\tomcat\software\apache-tomcat-8.0.33\uaa/uaa.yml
16-Mar-2020 13:59:37.083 INFO [localhost-startStop-1] org.apache.catalina.core.ApplicationContext.log Loading YAML environment properties from location: [class path resource [uaa.yml], URL [file:D:/tomcat/software/apache-tomcat-8.0.33/uaa/uaa.yml]]
16-Mar-2020 14:00:05.871 INFO [localhost-startStop-1] org.apache.catalina.core.ApplicationContext.log Ignoring Log Config Location: -Djava.util.logging.config.file="D:\tomcat\software\apache-tomcat-8.0.33\conf\logging.properties". Location is suspect to be a Tomcat startup script environment variable
16-Mar-2020 14:00:05.873 INFO [localhost-startStop-1] org.apache.catalina.core.ApplicationContext.log Loading log4j config from location: classpath:log4j.properties
16-Mar-2020 14:00:57.836 INFO [localhost-startStop-1] org.apache.catalina.core.ApplicationContext.log ContextListener: contextInitialized()
16-Mar-2020 14:00:57.836 INFO [localhost-startStop-1] org.apache.catalina.core.ApplicationContext.log SessionListener: contextInitialized()
16-Mar-2020 14:15:41.379 INFO [localhost-startStop-2] org.apache.catalina.core.ApplicationContext.log Destroying Spring FrameworkServlet 'spring'
16-Mar-2020 14:15:42.086 INFO [localhost-startStop-2] org.apache.catalina.core.ApplicationContext.log SessionListener: contextDestroyed()
16-Mar-2020 14:15:42.087 INFO [localhost-startStop-2] org.apache.catalina.core.ApplicationContext.log ContextListener: contextDestroyed()
16-Mar-2020 14:15:56.587 INFO [localhost-startStop-1] org.apache.catalina.core.ApplicationContext.log Initializing Spring FrameworkServlet 'spring'
16-Mar-2020 14:15:56.702 INFO [localhost-startStop-1] org.apache.catalina.core.ApplicationContext.log Testing for YAML resources at: ${LOGIN_CONFIG_URL}
16-Mar-2020 14:15:56.710 INFO [localhost-startStop-1] org.apache.catalina.core.ApplicationContext.log Testing for YAML resources at: file:${LOGIN_CONFIG_PATH}/login.yml
16-Mar-2020 14:15:56.713 INFO [localhost-startStop-1] org.apache.catalina.core.ApplicationContext.log Testing for YAML resources at: file:D:\tomcat\software\apache-tomcat-8.0.33\uaa/login.yml
16-Mar-2020 14:15:56.714 INFO [localhost-startStop-1] org.apache.catalina.core.ApplicationContext.log Testing for YAML resources at: ${UAA_CONFIG_URL}
16-Mar-2020 14:15:56.717 INFO [localhost-startStop-1] org.apache.catalina.core.ApplicationContext.log Testing for YAML resources at: file:${UAA_CONFIG_FILE}
16-Mar-2020 14:15:56.719 INFO [localhost-startStop-1] org.apache.catalina.core.ApplicationContext.log Testing for YAML resources at: file:${UAA_CONFIG_PATH}/uaa.yml
16-Mar-2020 14:15:56.721 INFO [localhost-startStop-1] org.apache.catalina.core.ApplicationContext.log Testing for YAML resources at: file:D:\tomcat\software\apache-tomcat-8.0.33\uaa/uaa.yml
16-Mar-2020 14:15:56.722 INFO [localhost-startStop-1] org.apache.catalina.core.ApplicationContext.log Loading YAML environment properties from location: [class path resource [uaa.yml], URL [file:D:/tomcat/software/apache-tomcat-8.0.33/uaa/uaa.yml]]
16-Mar-2020 14:16:19.850 INFO [localhost-startStop-1] org.apache.catalina.core.ApplicationContext.log Ignoring Log Config Location: -Djava.util.logging.config.file="D:\tomcat\software\apache-tomcat-8.0.33\conf\logging.properties". Location is suspect to be a Tomcat startup script environment variable
16-Mar-2020 14:16:19.851 INFO [localhost-startStop-1] org.apache.catalina.core.ApplicationContext.log Loading log4j config from location: classpath:log4j.properties
16-Mar-2020 14:17:02.099 INFO [localhost-startStop-1] org.apache.catalina.core.ApplicationContext.log ContextListener: contextInitialized()
16-Mar-2020 14:17:02.099 INFO [localhost-startStop-1] org.apache.catalina.core.ApplicationContext.log SessionListener: contextInitialized()
16-Mar-2020 15:33:56.937 INFO [localhost-startStop-2] org.apache.catalina.core.ApplicationContext.log Destroying Spring FrameworkServlet 'spring'
16-Mar-2020 15:33:57.877 INFO [localhost-startStop-2] org.apache.catalina.core.ApplicationContext.log SessionListener: contextDestroyed()
16-Mar-2020 15:33:57.878 INFO [localhost-startStop-2] org.apache.catalina.core.ApplicationContext.log ContextListener: contextDestroyed()
